20/08/21 15:06:57 FeedbackBot[14] __init__ - INFO: [*] Connecting to database...
20/08/21 15:07:26 FeedbackBot[14] __init__ - INFO: [*] Connecting to database...
20/08/21 15:07:26 FeedbackBot[15] __init__ - INFO: [*] Connecting to database...DONE
20/08/21 15:07:42 FeedbackBot[14] __init__ - INFO: [*] Connecting to database...
20/08/21 15:07:42 FeedbackBot[15] __init__ - INFO: [*] Connecting to database...DONE
20/08/21 15:08:45 FeedbackBot[14] __init__ - INFO: [*] Connecting to database...
20/08/21 15:08:45 FeedbackBot[15] __init__ - INFO: [*] Connecting to database...DONE
20/08/21 15:08:48 FeedbackBot[25] on_ready - INFO: I am ready to act
20/08/21 15:09:17 FeedbackBot[14] __init__ - INFO: [*] Connecting to database...
20/08/21 15:09:17 FeedbackBot[15] __init__ - INFO: [*] Connecting to database...DONE
20/08/21 15:09:20 FeedbackBot[25] on_ready - INFO: I am ready to act
20/08/21 15:09:31 FeedbackBot[14] __init__ - INFO: [*] Connecting to database...
20/08/21 15:09:31 FeedbackBot[15] __init__ - INFO: [*] Connecting to database...DONE
20/08/21 15:09:34 FeedbackBot[25] on_ready - INFO: I am ready to act
20/08/21 15:10:02 FeedbackBot[14] __init__ - INFO: [*] Connecting to database...
20/08/21 15:10:02 FeedbackBot[15] __init__ - INFO: [*] Connecting to database...DONE
20/08/21 15:10:05 FeedbackBot[25] on_ready - INFO: I am ready to act
20/08/21 15:10:15 FeedbackBot[14] __init__ - INFO: [*] Connecting to database...
20/08/21 15:10:15 FeedbackBot[15] __init__ - INFO: [*] Connecting to database...DONE
20/08/21 15:10:17 FeedbackBot[25] on_ready - INFO: I am ready to act
20/08/21 15:12:01 FeedbackBot[14] __init__ - INFO: [*] Connecting to database...
20/08/21 15:12:01 FeedbackBot[15] __init__ - INFO: [*] Connecting to database...DONE
20/08/21 15:12:03 FeedbackBot[25] on_ready - INFO: I am ready to act
20/08/21 15:12:19 FeedbackBot[__init__]  - INFO: [*] Connecting to database...
20/08/21 15:12:19 FeedbackBot[__init__]  - INFO: [*] Connecting to database...DONE
20/08/21 15:12:22 FeedbackBot[on_ready]  - INFO: I am ready to act
20/08/21 15:12:30 FeedbackBot[__init__] - INFO: [*] Connecting to database...
20/08/21 15:12:30 FeedbackBot[__init__] - INFO: [*] Connecting to database...DONE
20/08/21 15:12:33 FeedbackBot[on_ready] - INFO: I am ready to act
20/08/21 15:13:41 FeedbackBot[__init__] - INFO: [*] Connecting to database...
20/08/21 15:13:41 FeedbackBot[__init__] - INFO: [*] Connecting to database...DONE
20/08/21 15:13:44 FeedbackBot[on_ready] - INFO: I am ready to act
20/08/21 15:23:27 FeedbackBot[__init__] - INFO: [*] Connecting to database...
20/08/21 15:23:27 FeedbackBot[__init__] - INFO: [*] Connecting to database...DONE
20/08/21 15:23:30 FeedbackBot[on_ready] - INFO: I am ready to act
20/08/21 15:23:42 FeedbackBot[__init__] - INFO: [*] Connecting to database...
20/08/21 15:23:42 FeedbackBot[__init__] - INFO: [*] Connecting to database...DONE
20/08/21 15:23:45 FeedbackBot[on_ready] - INFO: I am ready to act
20/08/21 15:26:23 FeedbackBot[__init__] - INFO: [*] Connecting to database...
20/08/21 15:26:23 FeedbackBot[__init__] - INFO: [*] Connecting to database...DONE
20/08/21 15:26:25 FeedbackBot[on_ready] - INFO: I am ready to act
20/08/21 15:28:02 FeedbackBot[__init__] - INFO: [*] Connecting to database...
20/08/21 15:28:02 FeedbackBot[__init__] - INFO: [*] Connecting to database...DONE
20/08/21 15:28:05 FeedbackBot[on_ready] - INFO: I am ready to act
20/08/21 15:28:26 FeedbackBot[__init__] - INFO: [*] Connecting to database...
20/08/21 15:28:26 FeedbackBot[__init__] - INFO: [*] Connecting to database...DONE
20/08/21 15:28:29 FeedbackBot[on_ready] - INFO: I am ready to act
20/08/21 15:28:35 FeedbackBot[__init__] - INFO: [*] Connecting to database...
20/08/21 15:28:35 FeedbackBot[__init__] - INFO: [*] Connecting to database...DONE
20/08/21 15:28:38 FeedbackBot[__init__] - INFO: [*] Connecting to database...
20/08/21 15:28:38 FeedbackBot[__init__] - INFO: [*] Connecting to database...DONE
20/08/21 15:28:48 FeedbackBot[on_ready] - INFO: I am ready to act
20/08/21 15:37:51 FeedbackBot[__init__] - INFO: [*] Connecting to database...
20/08/21 15:37:51 FeedbackBot[__init__] - INFO: [*] Connecting to database...DONE
20/08/21 15:37:54 FeedbackBot[on_ready] - INFO: I am ready to act
20/08/21 15:40:04 FeedbackBot[__init__] - INFO: [*] Connecting to database...
20/08/21 15:40:04 FeedbackBot[__init__] - INFO: [*] Connecting to database...DONE
20/08/21 15:40:06 FeedbackBot[on_ready] - INFO: I am ready to act
20/08/21 15:41:52 FeedbackBot[__init__] - INFO: [*] Connecting to database...
20/08/21 15:44:55 FeedbackBot[__init__] - INFO: [*] Connecting to database...
20/08/21 15:45:08 FeedbackBot[__init__] - INFO: [*] Connecting to database...
20/08/21 15:45:12 FeedbackBot[__init__] - INFO: [*] Connecting to database...
20/08/21 15:46:22 FeedbackBot[__init__] - INFO: [*] Connecting to database...
20/08/21 15:46:25 FeedbackBot[__init__] - INFO: [*] Connecting to database...
20/08/21 15:46:45 FeedbackBot[__init__] - INFO: [*] Connecting to database...
20/08/21 15:47:07 FeedbackBot[__init__] - INFO: [*] Connecting to database...
20/08/21 15:47:11 FeedbackBot[__init__] - INFO: [*] Connecting to database...
20/08/21 15:47:40 FeedbackBot[__init__] - INFO: [*] Connecting to database...
20/08/21 15:47:47 FeedbackBot[__init__] - INFO: [*] Connecting to database...
20/08/21 15:48:16 FeedbackBot[__init__] - INFO: [*] Connecting to database...
20/08/21 15:48:30 FeedbackBot[__init__] - INFO: [*] Connecting to database...
20/08/21 15:49:48 FeedbackBot[__init__] - INFO: [*] Connecting to database...
20/08/21 15:49:48 FeedbackBot[__init__] - INFO: [*] Connecting to database...DONE
20/08/21 15:49:51 FeedbackBot[on_ready] - INFO: I am ready to act
20/08/21 15:51:35 FeedbackBot[__init__] - INFO: [*] Connecting to database...
20/08/21 15:52:15 FeedbackBot[__init__] - INFO: [*] Connecting to database...
20/08/21 15:53:28 FeedbackBot[__init__] - INFO: [*] Connecting to database...
20/08/21 15:53:36 FeedbackBot[__init__] - INFO: [*] Connecting to database...
20/08/21 15:54:19 FeedbackBot[__init__] - INFO: [*] Connecting to database...
20/08/21 15:54:40 FeedbackBot[__init__] - INFO: [*] Connecting to database...
20/08/21 15:54:51 FeedbackBot[__init__] - INFO: [*] Connecting to database...
20/08/21 15:54:51 FeedbackBot[__init__] - INFO: [*] Connecting to database...DONE
20/08/21 15:54:54 FeedbackBot[on_ready] - INFO: I am ready to act
20/08/21 16:38:12 FeedbackBot[__init__] - INFO: [*] Connecting to database...
20/08/21 16:38:12 FeedbackBot[__init__] - INFO: [*] Connecting to database...DONE
20/08/21 16:38:14 FeedbackBot[on_ready] - INFO: I am ready to act
20/08/21 17:11:38 FeedbackBot[__init__] - INFO: [*] Connecting to database...
20/08/21 17:11:38 FeedbackBot[__init__] - INFO: [*] Connecting to database...DONE
20/08/21 17:11:41 FeedbackBot[on_ready] - INFO: I am ready to act
20/08/21 17:11:53 FeedbackBot[__init__] - INFO: [*] Connecting to database...
20/08/21 17:11:53 FeedbackBot[__init__] - INFO: [*] Connecting to database...DONE
20/08/21 17:11:55 FeedbackBot[on_ready] - INFO: I am ready to act
20/08/21 17:11:57 FeedbackBot[__init__] - INFO: [*] Connecting to database...
20/08/21 17:11:57 FeedbackBot[__init__] - INFO: [*] Connecting to database...DONE
20/08/21 17:12:06 FeedbackBot[on_ready] - INFO: I am ready to act
20/08/21 17:12:13 FeedbackBot[__init__] - INFO: [*] Connecting to database...
20/08/21 17:12:13 FeedbackBot[__init__] - INFO: [*] Connecting to database...DONE
20/08/21 17:12:34 FeedbackBot[__init__] - INFO: [*] Connecting to database...
20/08/21 17:12:34 FeedbackBot[__init__] - INFO: [*] Connecting to database...DONE
20/08/21 17:12:52 FeedbackBot[__init__] - INFO: [*] Connecting to database...
20/08/21 17:12:52 FeedbackBot[__init__] - INFO: [*] Connecting to database...DONE
20/08/21 17:18:17 FeedbackBot[__init__] - INFO: [*] Connecting to database...
20/08/21 17:18:17 FeedbackBot[__init__] - INFO: [*] Connecting to database...DONE
20/08/21 17:19:33 FeedbackBot[__init__] - INFO: [*] Connecting to database...
20/08/21 17:19:33 FeedbackBot[__init__] - INFO: [*] Connecting to database...DONE
20/08/21 17:22:05 FeedbackBot[__init__] - INFO: [*] Connecting to database...
20/08/21 17:22:05 FeedbackBot[__init__] - INFO: [*] Connecting to database...DONE
20/08/21 17:22:58 FeedbackBot[__init__] - INFO: [*] Connecting to database...
20/08/21 17:22:58 FeedbackBot[__init__] - INFO: [*] Connecting to database...DONE
20/08/21 17:23:41 FeedbackBot[__init__] - INFO: [*] Connecting to database...
20/08/21 17:23:41 FeedbackBot[__init__] - INFO: [*] Connecting to database...DONE
20/08/21 17:24:08 FeedbackBot[__init__] - INFO: [*] Connecting to database...
20/08/21 17:24:08 FeedbackBot[__init__] - INFO: [*] Connecting to database...DONE
20/08/21 17:25:24 FeedbackBot[__init__] - INFO: [*] Connecting to database...
20/08/21 17:25:24 FeedbackBot[__init__] - INFO: [*] Connecting to database...DONE
20/08/21 17:25:28 FeedbackBot[__init__] - INFO: [*] Connecting to database...
20/08/21 17:25:28 FeedbackBot[__init__] - INFO: [*] Connecting to database...DONE
20/08/21 17:26:43 FeedbackBot[__init__] - INFO: [*] Connecting to database...
20/08/21 17:26:43 FeedbackBot[__init__] - INFO: [*] Connecting to database...DONE
20/08/21 17:36:18 FeedbackBot[__init__] - INFO: [*] Connecting to database...
20/08/21 17:36:18 FeedbackBot[__init__] - INFO: [*] Connecting to database...DONE
20/08/21 17:39:46 FeedbackBot[__init__] - INFO: [*] Connecting to database...
20/08/21 17:39:46 FeedbackBot[__init__] - INFO: [*] Connecting to database...DONE
20/08/21 17:41:48 FeedbackBot[__init__] - INFO: [*] Connecting to database...
20/08/21 17:41:48 FeedbackBot[__init__] - INFO: [*] Connecting to database...DONE
20/08/21 17:41:59 FeedbackBot[__init__] - INFO: [*] Connecting to database...
20/08/21 17:41:59 FeedbackBot[__init__] - INFO: [*] Connecting to database...DONE
20/08/21 17:42:04 FeedbackBot[__init__] - INFO: [*] Connecting to database...
20/08/21 17:42:04 FeedbackBot[__init__] - INFO: [*] Connecting to database...DONE
20/08/21 17:42:42 FeedbackBot[__init__] - INFO: [*] Connecting to database...
20/08/21 17:42:42 FeedbackBot[__init__] - INFO: [*] Connecting to database...DONE
20/08/21 17:43:28 FeedbackBot[__init__] - INFO: [*] Connecting to database...
20/08/21 17:43:28 FeedbackBot[__init__] - INFO: [*] Connecting to database...DONE
20/08/21 17:43:32 FeedbackBot[__init__] - INFO: [*] Connecting to database...
20/08/21 17:43:32 FeedbackBot[__init__] - INFO: [*] Connecting to database...DONE
20/08/21 17:44:01 FeedbackBot[__init__] - INFO: [*] Connecting to database...
20/08/21 17:44:01 FeedbackBot[__init__] - INFO: [*] Connecting to database...DONE
20/08/21 17:44:04 FeedbackBot[on_ready] - INFO: None
20/08/21 17:44:04 FeedbackBot[on_ready] - INFO: I am ready to act
20/08/21 17:44:22 FeedbackBot[__init__] - INFO: [*] Connecting to database...
20/08/21 17:44:22 FeedbackBot[__init__] - INFO: [*] Connecting to database...DONE
20/08/21 17:44:25 FeedbackBot[on_ready] - INFO: None
20/08/21 17:44:25 FeedbackBot[on_ready] - INFO: I am ready to act
20/08/21 17:44:36 FeedbackBot[__init__] - INFO: [*] Connecting to database...
20/08/21 17:44:36 FeedbackBot[__init__] - INFO: [*] Connecting to database...DONE
20/08/21 17:44:39 FeedbackBot[on_ready] - INFO: None
20/08/21 17:44:39 FeedbackBot[on_ready] - INFO: I am ready to act
20/08/21 17:44:48 FeedbackBot[__init__] - INFO: [*] Connecting to database...
20/08/21 17:44:48 FeedbackBot[__init__] - INFO: [*] Connecting to database...DONE
20/08/21 17:44:51 FeedbackBot[on_ready] - INFO: None
20/08/21 17:44:51 FeedbackBot[on_ready] - INFO: I am ready to act
20/08/21 17:45:06 FeedbackBot[__init__] - INFO: [*] Connecting to database...
20/08/21 17:45:06 FeedbackBot[__init__] - INFO: [*] Connecting to database...DONE
20/08/21 17:45:09 FeedbackBot[on_ready] - INFO: None
20/08/21 17:45:09 FeedbackBot[on_ready] - INFO: I am ready to act
20/08/21 17:45:47 FeedbackBot[__init__] - INFO: [*] Connecting to database...
20/08/21 17:45:47 FeedbackBot[__init__] - INFO: [*] Connecting to database...DONE
20/08/21 17:55:42 FeedbackBot[__init__] - INFO: [*] Connecting to database...
20/08/21 17:55:42 FeedbackBot[__init__] - INFO: [*] Connecting to database...DONE
20/08/21 17:55:52 FeedbackBot[__init__] - INFO: [*] Connecting to database...
20/08/21 17:55:52 FeedbackBot[__init__] - INFO: [*] Connecting to database...DONE
20/08/21 17:55:54 FeedbackBot[on_ready] - INFO: ('PostgreSQL 10.17 on x86_64-redhat-linux-gnu, compiled by gcc (GCC) 8.3.1 20191121 (Red Hat 8.3.1-5), 64-bit',)
20/08/21 17:55:54 FeedbackBot[on_ready] - INFO: I am ready to act
20/08/21 17:56:15 FeedbackBot[__init__] - INFO: [*] Connecting to database...
20/08/21 17:56:15 FeedbackBot[__init__] - INFO: [*] Connecting to database...DONE
20/08/21 17:56:18 FeedbackBot[on_ready] - INFO: ('PostgreSQL 10.17 on x86_64-redhat-linux-gnu, compiled by gcc (GCC) 8.3.1 20191121 (Red Hat 8.3.1-5), 64-bit',)
20/08/21 17:56:18 FeedbackBot[on_ready] - INFO: I am ready to act
20/08/21 17:59:19 FeedbackBot[__init__] - INFO: [*] Connecting to database...
20/08/21 17:59:19 FeedbackBot[__init__] - INFO: [*] Connecting to database...DONE
20/08/21 17:59:22 FeedbackBot[on_ready] - INFO: ('PostgreSQL 10.17 on x86_64-redhat-linux-gnu, compiled by gcc (GCC) 8.3.1 20191121 (Red Hat 8.3.1-5), 64-bit',)
20/08/21 17:59:22 FeedbackBot[on_ready] - INFO: I am ready to act
20/08/21 17:59:51 FeedbackBot[__init__] - INFO: [*] Connecting to database...
20/08/21 17:59:51 FeedbackBot[__init__] - INFO: [*] Connecting to database...DONE
20/08/21 17:59:54 FeedbackBot[on_ready] - INFO: ('PostgreSQL 10.17 on x86_64-redhat-linux-gnu, compiled by gcc (GCC) 8.3.1 20191121 (Red Hat 8.3.1-5), 64-bit',)
20/08/21 17:59:54 FeedbackBot[on_ready] - INFO: I am ready to act
20/08/21 18:00:02 FeedbackBot[__init__] - INFO: [*] Connecting to database...
20/08/21 18:00:02 FeedbackBot[__init__] - INFO: [*] Connecting to database...DONE
20/08/21 18:00:05 FeedbackBot[on_ready] - INFO: ('PostgreSQL 10.17 on x86_64-redhat-linux-gnu, compiled by gcc (GCC) 8.3.1 20191121 (Red Hat 8.3.1-5), 64-bit',)
20/08/21 18:00:05 FeedbackBot[on_ready] - INFO: I am ready to act
20/08/21 18:00:27 FeedbackBot[__init__] - INFO: [*] Connecting to database...
20/08/21 18:00:27 FeedbackBot[__init__] - INFO: [*] Connecting to database...DONE
20/08/21 18:02:02 FeedbackBot[__init__] - INFO: [*] Connecting to database...
20/08/21 18:02:02 FeedbackBot[__init__] - INFO: [*] Connecting to database...DONE
20/08/21 18:02:13 FeedbackBot[__init__] - INFO: [*] Connecting to database...
20/08/21 18:02:13 FeedbackBot[__init__] - INFO: [*] Connecting to database...DONE
20/08/21 18:03:18 FeedbackBot[__init__] - INFO: [*] Connecting to database...
20/08/21 18:03:18 FeedbackBot[__init__] - INFO: [*] Connecting to database...DONE
20/08/21 18:03:32 FeedbackBot[__init__] - INFO: [*] Connecting to database...
20/08/21 18:03:32 FeedbackBot[__init__] - INFO: [*] Connecting to database...DONE
20/08/21 18:03:35 core.db[with_connection_] - ERROR: Database connection failed FATAL:  password authentication failed for user "admin"

20/08/21 18:04:23 FeedbackBot[__init__] - INFO: [*] Connecting to database...
20/08/21 18:04:23 FeedbackBot[__init__] - INFO: [*] Connecting to database...DONE
20/08/21 18:04:26 FeedbackBot[on_ready] - INFO: ('PostgreSQL 10.17 on x86_64-redhat-linux-gnu, compiled by gcc (GCC) 8.3.1 20191121 (Red Hat 8.3.1-5), 64-bit',)
20/08/21 18:04:26 FeedbackBot[on_ready] - INFO: I am ready to act
20/08/21 18:04:51 FeedbackBot[__init__] - INFO: [*] Connecting to database...
20/08/21 18:04:51 FeedbackBot[__init__] - INFO: [*] Connecting to database...DONE
20/08/21 18:04:54 FeedbackBot[on_ready] - INFO: ('PostgreSQL 10.17 on x86_64-redhat-linux-gnu, compiled by gcc (GCC) 8.3.1 20191121 (Red Hat 8.3.1-5), 64-bit',)
20/08/21 18:04:54 FeedbackBot[on_ready] - INFO: I am ready to act
20/08/21 18:05:01 FeedbackBot[__init__] - INFO: [*] Connecting to database...
20/08/21 18:05:01 FeedbackBot[__init__] - INFO: [*] Connecting to database...DONE
20/08/21 18:05:03 FeedbackBot[__init__] - INFO: [*] Connecting to database...
20/08/21 18:05:03 FeedbackBot[__init__] - INFO: [*] Connecting to database...DONE
20/08/21 18:05:14 FeedbackBot[on_ready] - INFO: ('PostgreSQL 10.17 on x86_64-redhat-linux-gnu, compiled by gcc (GCC) 8.3.1 20191121 (Red Hat 8.3.1-5), 64-bit',)
20/08/21 18:05:14 FeedbackBot[on_ready] - INFO: I am ready to act
20/08/21 18:05:17 FeedbackBot[__init__] - INFO: [*] Connecting to database...
20/08/21 18:05:17 FeedbackBot[__init__] - INFO: [*] Connecting to database...DONE
20/08/21 18:05:19 FeedbackBot[on_ready] - INFO: ('PostgreSQL 10.17 on x86_64-redhat-linux-gnu, compiled by gcc (GCC) 8.3.1 20191121 (Red Hat 8.3.1-5), 64-bit',)
20/08/21 18:05:19 FeedbackBot[on_ready] - INFO: I am ready to act
20/08/21 18:05:30 FeedbackBot[__init__] - INFO: [*] Connecting to database...
20/08/21 18:05:30 FeedbackBot[__init__] - INFO: [*] Connecting to database...DONE
20/08/21 18:05:33 FeedbackBot[on_ready] - INFO: None
20/08/21 18:05:33 FeedbackBot[on_ready] - INFO: I am ready to act
20/08/21 18:07:01 FeedbackBot[__init__] - INFO: [*] Connecting to database...
20/08/21 18:07:01 FeedbackBot[__init__] - INFO: [*] Connecting to database...DONE
20/08/21 18:07:04 FeedbackBot[on_ready] - INFO: None
20/08/21 18:07:04 FeedbackBot[on_ready] - INFO: I am ready to act
20/08/21 18:07:13 FeedbackBot[__init__] - INFO: [*] Connecting to database...
20/08/21 18:07:13 FeedbackBot[__init__] - INFO: [*] Connecting to database...DONE
20/08/21 18:07:16 FeedbackBot[on_ready] - INFO: None
20/08/21 18:07:16 FeedbackBot[on_ready] - INFO: I am ready to act
20/08/21 18:07:28 FeedbackBot[__init__] - INFO: [*] Connecting to database...
20/08/21 18:07:28 FeedbackBot[__init__] - INFO: [*] Connecting to database...DONE
20/08/21 18:07:31 core.db[with_connection_] - ERROR: Query to <connection object at 0x7fead7cea680; dsn: 'user=admin password=xxx dbname=postgres host=127.0.0.1', closed: 0> failed 'connection'
20/08/21 18:09:41 FeedbackBot[__init__] - INFO: [*] Connecting to database...
20/08/21 18:09:41 FeedbackBot[__init__] - INFO: [*] Connecting to database...DONE
20/08/21 18:09:43 core.db[with_connection_] - ERROR: Query to <connection object at 0x7f51fb6a0680; dsn: 'user=admin password=xxx dbname=postgres host=127.0.0.1', closed: 0> failed name 'kwargs' is not defined
20/08/21 18:09:45 FeedbackBot[__init__] - INFO: [*] Connecting to database...
20/08/21 18:09:45 FeedbackBot[__init__] - INFO: [*] Connecting to database...DONE
20/08/21 18:09:54 FeedbackBot[on_ready] - INFO: None
20/08/21 18:09:54 FeedbackBot[on_ready] - INFO: I am ready to act
20/08/21 18:11:11 FeedbackBot[__init__] - INFO: [*] Connecting to database...
20/08/21 18:11:11 FeedbackBot[__init__] - INFO: [*] Connecting to database...DONE
20/08/21 18:11:14 core.db[with_connection_] - ERROR: Database connection failed name 'conn' is not defined
20/08/21 18:11:18 FeedbackBot[__init__] - INFO: [*] Connecting to database...
20/08/21 18:11:18 FeedbackBot[__init__] - INFO: [*] Connecting to database...DONE
20/08/21 18:11:21 core.db[with_connection_] - ERROR: Database connection failed name 'conn' is not defined
20/08/21 18:11:34 FeedbackBot[__init__] - INFO: [*] Connecting to database...
20/08/21 18:11:34 FeedbackBot[__init__] - INFO: [*] Connecting to database...DONE
20/08/21 18:11:36 core.db[with_connection_] - ERROR: Database connection failed name 'conn' is not defined
20/08/21 18:11:46 FeedbackBot[__init__] - INFO: [*] Connecting to database...
20/08/21 18:11:46 FeedbackBot[__init__] - INFO: [*] Connecting to database...DONE
20/08/21 18:11:49 FeedbackBot[on_ready] - INFO: None
20/08/21 18:11:49 FeedbackBot[on_ready] - INFO: I am ready to act
20/08/21 18:13:51 FeedbackBot[__init__] - INFO: [*] Connecting to database...
20/08/21 18:13:51 FeedbackBot[__init__] - INFO: [*] Connecting to database...DONE
20/08/21 18:13:54 core.db[with_connection_] - ERROR: Query to <connection object at 0x7fa6b9aa2680; dsn: 'user=admin password=xxx dbname=postgres host=127.0.0.1', closed: 0> failed CREATE DATABASE cannot run inside a transaction block

20/08/21 18:15:50 FeedbackBot[__init__] - INFO: [*] Connecting to database...
20/08/21 18:15:50 FeedbackBot[__init__] - INFO: [*] Connecting to database...DONE
20/08/21 18:15:52 FeedbackBot[__init__] - INFO: [*] Connecting to database...
20/08/21 18:15:52 FeedbackBot[__init__] - INFO: [*] Connecting to database...DONE
20/08/21 18:16:03 core.db[with_connection_] - ERROR: Query to <connection object at 0x7f2955d427c0; dsn: 'user=admin password=xxx dbname=postgres host=127.0.0.1', closed: 0> failed no results to fetch
20/08/21 18:17:24 FeedbackBot[__init__] - INFO: [*] Connecting to database...
20/08/21 18:17:24 FeedbackBot[__init__] - INFO: [*] Connecting to database...DONE
20/08/21 18:17:27 core.db[with_connection_] - ERROR: Query to <connection object at 0x7f0f5e627680; dsn: 'user=admin password=xxx dbname=postgres host=127.0.0.1', closed: 0> failed database "lusiadas" already exists

20/08/21 18:23:49 FeedbackBot[__init__] - INFO: [*] Connecting to database...
20/08/21 18:23:49 FeedbackBot[__init__] - INFO: [*] Connecting to database...DONE
20/08/21 18:23:52 core.db[with_connection_] - ERROR: Database connection failed FATAL:  database "admin" does not exist

20/08/21 18:23:59 FeedbackBot[__init__] - INFO: [*] Connecting to database...
20/08/21 18:23:59 FeedbackBot[__init__] - INFO: [*] Connecting to database...DONE
20/08/21 18:24:02 core.db[with_connection_] - ERROR: Query to <connection object at 0x7f6586d99680; dsn: 'user=admin password=xxx dbname=postgres host=127.0.0.1', closed: 0> failed database "lusiadas" already exists

20/08/21 18:24:42 FeedbackBot[__init__] - INFO: [*] Connecting to database...
20/08/21 18:24:42 FeedbackBot[__init__] - INFO: [*] Connecting to database...DONE
20/08/21 18:24:44 FeedbackBot[__init__] - INFO: [*] Connecting to database...
20/08/21 18:24:44 FeedbackBot[__init__] - INFO: [*] Connecting to database...DONE
20/08/21 18:24:55 core.db[with_connection_] - ERROR: Query to <connection object at 0x7f3d0cef57c0; dsn: 'user=admin password=xxx dbname=postgres host=127.0.0.1', closed: 0> failed database "lusiadas" already exists

20/08/21 18:26:52 FeedbackBot[__init__] - INFO: [*] Connecting to database...
20/08/21 18:26:52 FeedbackBot[__init__] - INFO: [*] Connecting to database...DONE
20/08/21 18:27:28 FeedbackBot[__init__] - INFO: [*] Connecting to database...
20/08/21 18:27:28 FeedbackBot[__init__] - INFO: [*] Connecting to database...DONE
20/08/21 18:28:00 FeedbackBot[__init__] - INFO: [*] Connecting to database...
20/08/21 18:28:00 FeedbackBot[__init__] - INFO: [*] Connecting to database...DONE
20/08/21 18:28:07 FeedbackBot[__init__] - INFO: [*] Connecting to database...
20/08/21 18:28:07 FeedbackBot[__init__] - INFO: [*] Connecting to database...DONE
20/08/21 18:28:10 FeedbackBot[on_ready] - INFO: I am ready to act
20/08/21 18:28:14 FeedbackBot[__init__] - INFO: [*] Connecting to database...
20/08/21 18:28:14 FeedbackBot[__init__] - INFO: [*] Connecting to database...DONE
20/08/21 18:28:17 FeedbackBot[on_ready] - INFO: I am ready to act
20/08/21 18:28:19 FeedbackBot[__init__] - INFO: [*] Connecting to database...
20/08/21 18:28:19 FeedbackBot[__init__] - INFO: [*] Connecting to database...DONE
20/08/21 18:28:28 FeedbackBot[on_ready] - INFO: I am ready to act
20/08/21 18:29:05 FeedbackBot[__init__] - INFO: [*] Connecting to database...
20/08/21 18:29:05 FeedbackBot[__init__] - INFO: [*] Connecting to database...DONE
20/08/21 18:29:07 FeedbackBot[on_ready] - INFO: I am ready to act
20/08/21 18:29:41 FeedbackBot[__init__] - INFO: [*] Connecting to database...
20/08/21 18:29:41 FeedbackBot[__init__] - INFO: [*] Connecting to database...DONE
20/08/21 18:29:44 core.db[with_connection_] - ERROR: Query to <connection object at 0x7fda1fe23680; dsn: 'user=admin password=xxx dbname=postgres host=127.0.0.1', closed: 0> failed database "lusiadas" already exists

20/08/21 18:29:46 FeedbackBot[__init__] - INFO: [*] Connecting to database...
20/08/21 18:29:46 FeedbackBot[__init__] - INFO: [*] Connecting to database...DONE
20/08/21 18:29:49 core.db[with_connection_] - ERROR: Query to <connection object at 0x7f1724532680; dsn: 'user=admin password=xxx dbname=postgres host=127.0.0.1', closed: 0> failed relation "postgres" does not exist
LINE 1: select * from postgres;
                      ^

20/08/21 18:33:21 FeedbackBot[__init__] - INFO: [*] Connecting to database...
20/08/21 18:33:21 FeedbackBot[__init__] - INFO: [*] Connecting to database...DONE
20/08/21 18:33:24 FeedbackBot[on_ready] - INFO: None
20/08/21 18:33:24 FeedbackBot[on_ready] - INFO: I am ready to act
20/08/21 18:35:35 FeedbackBot[__init__] - INFO: [*] Connecting to database...
20/08/21 18:35:35 FeedbackBot[__init__] - INFO: [*] Connecting to database...DONE
20/08/21 18:35:38 FeedbackBot[on_ready] - INFO: SELECT * FROM pg_catalog.pg_tables WHERE schemaname != 'pg_catalog' AND schemaname != 'information_schema';
20/08/21 18:35:38 FeedbackBot[on_ready] - INFO: I am ready to act
20/08/21 18:35:56 FeedbackBot[__init__] - INFO: [*] Connecting to database...
20/08/21 18:35:56 FeedbackBot[__init__] - INFO: [*] Connecting to database...DONE
20/08/21 18:35:59 FeedbackBot[on_ready] - INFO: I am ready to act
20/08/21 18:37:57 FeedbackBot[__init__] - INFO: [*] Connecting to database...
20/08/21 18:37:57 FeedbackBot[__init__] - INFO: [*] Connecting to database...DONE
20/08/21 18:38:00 FeedbackBot[on_ready] - INFO: I am ready to act
20/08/21 18:38:05 FeedbackBot[__init__] - INFO: [*] Connecting to database...
20/08/21 18:38:05 FeedbackBot[__init__] - INFO: [*] Connecting to database...DONE
20/08/21 18:38:08 FeedbackBot[on_ready] - INFO: I am ready to act
20/08/21 18:38:23 FeedbackBot[__init__] - INFO: [*] Connecting to database...
20/08/21 18:38:23 FeedbackBot[__init__] - INFO: [*] Connecting to database...DONE
20/08/21 18:38:25 FeedbackBot[on_ready] - INFO: I am ready to act
20/08/21 18:38:51 FeedbackBot[__init__] - INFO: [*] Connecting to database...
20/08/21 18:38:51 FeedbackBot[__init__] - INFO: [*] Connecting to database...DONE
20/08/21 18:38:54 FeedbackBot[on_ready] - INFO: I am ready to act
20/08/21 18:43:07 FeedbackBot[__init__] - INFO: [*] Connecting to database...
20/08/21 18:43:07 FeedbackBot[__init__] - INFO: [*] Connecting to database...DONE
20/08/21 18:43:10 FeedbackBot[on_ready] - INFO: I am ready to act
20/08/21 18:43:35 FeedbackBot[__init__] - INFO: [*] Connecting to database...
20/08/21 18:43:35 FeedbackBot[__init__] - INFO: [*] Connecting to database...DONE
20/08/21 18:43:38 FeedbackBot[on_ready] - INFO: I am ready to act
20/08/21 18:43:39 FeedbackBot[__init__] - INFO: [*] Connecting to database...
20/08/21 18:43:39 FeedbackBot[__init__] - INFO: [*] Connecting to database...DONE
20/08/21 18:43:48 FeedbackBot[on_ready] - INFO: I am ready to act
20/08/21 18:45:04 FeedbackBot[__init__] - INFO: [*] Connecting to database...
20/08/21 18:45:04 FeedbackBot[__init__] - INFO: [*] Connecting to database...DONE
20/08/21 18:45:07 FeedbackBot[on_ready] - INFO: I am ready to act
20/08/21 18:45:07 FeedbackBot[__init__] - INFO: [*] Connecting to database...
20/08/21 18:45:07 FeedbackBot[__init__] - INFO: [*] Connecting to database...DONE
20/08/21 18:45:10 FeedbackBot[__init__] - INFO: [*] Connecting to database...
20/08/21 18:45:10 FeedbackBot[__init__] - INFO: [*] Connecting to database...DONE
20/08/21 18:45:13 FeedbackBot[on_ready] - INFO: I am ready to act
20/08/21 18:47:07 core.db[init_db] - ERROR: [DreadLordsBotFactory] creation failed. argument 1 must be a string or unicode object: got function instead.
20/08/21 18:47:07 core.db[with_connection_] - ERROR: Query to <connection object at 0x7f4443af37c0; dsn: 'user=admin password=xxx dbname=postgres host=127.0.0.1', closed: 0> failed argument 1 must be a string or unicode object: got function instead
20/08/21 18:47:55 FeedbackBot[__init__] - INFO: [*] Connecting to database...
20/08/21 18:47:55 FeedbackBot[__init__] - INFO: [*] Connecting to database...DONE
20/08/21 18:47:58 FeedbackBot[on_ready] - INFO: I am ready to act
20/08/21 18:48:12 core.db[init_db] - ERROR: [DreadLordsBotFactory] creation failed. name 'cur' is not defined.
20/08/21 18:48:12 core.db[with_connection_] - ERROR: Query to <connection object at 0x7fcf6d8b67c0; dsn: 'user=admin password=xxx dbname=postgres host=127.0.0.1', closed: 0> failed name 'cur' is not defined
20/08/21 18:48:28 FeedbackBot[__init__] - INFO: [*] Connecting to database...
20/08/21 18:48:28 FeedbackBot[__init__] - INFO: [*] Connecting to database...DONE
20/08/21 18:48:30 FeedbackBot[on_ready] - INFO: I am ready to act
20/08/21 18:48:41 core.db[init_db] - ERROR: [DreadLordsBotFactory] creation failed. module 'psycopg2' has no attribute 'sql'.
20/08/21 18:48:41 core.db[with_connection_] - ERROR: Query to <connection object at 0x7f828c26c7c0; dsn: 'user=admin password=xxx dbname=postgres host=127.0.0.1', closed: 0> failed module 'psycopg2' has no attribute 'sql'
20/08/21 18:50:48 FeedbackBot[__init__] - INFO: [*] Connecting to database...
20/08/21 18:50:48 FeedbackBot[__init__] - INFO: [*] Connecting to database...DONE
20/08/21 18:50:51 FeedbackBot[on_ready] - INFO: I am ready to act
20/08/21 18:51:07 core.db[init_db] - INFO: [DreadLordsBotFactory] has been created
20/08/21 18:51:07 FeedbackBot[on_guild_join] - INFO: [DreadLord's Bot Factory] Setup done...
20/08/21 18:51:48 core.db[init_db] - ERROR: [DreadLordsBotFactory] creation failed. database "DreadLordsBotFactory" already exists
.
20/08/21 18:51:48 core.db[with_connection_] - ERROR: Query to <connection object at 0x7faf77e1d7c0; dsn: 'user=admin password=xxx dbname=postgres host=127.0.0.1', closed: 0> failed database "DreadLordsBotFactory" already exists

20/08/21 18:53:54 FeedbackBot[__init__] - INFO: [*] Connecting to database...
20/08/21 18:53:54 FeedbackBot[__init__] - INFO: [*] Connecting to database...DONE
20/08/21 18:53:57 FeedbackBot[on_ready] - INFO: I am ready to act
20/08/21 18:54:21 core.db[init_db] - WARNING: [DreadLordsBotFactory] already exists. Going forward
20/08/21 18:54:21 FeedbackBot[on_guild_join] - INFO: [DreadLord's Bot Factory] Setup done...
20/08/21 18:54:57 FeedbackBot[__init__] - INFO: [*] Connecting to database...
20/08/21 18:54:57 FeedbackBot[__init__] - INFO: [*] Connecting to database...DONE
20/08/21 18:55:00 FeedbackBot[on_ready] - INFO: I am ready to act
20/08/21 19:06:06 FeedbackBot[__init__] - INFO: [*] Connecting to database...
20/08/21 19:06:06 FeedbackBot[__init__] - INFO: [*] Connecting to database...DONE
20/08/21 19:06:09 FeedbackBot[on_ready] - INFO: I am ready to act
20/08/21 19:09:37 FeedbackBot[__init__] - INFO: [*] Connecting to database...
20/08/21 19:09:37 FeedbackBot[__init__] - INFO: [*] Connecting to database...DONE
20/08/21 19:09:40 FeedbackBot[on_ready] - INFO: I am ready to act
20/08/21 19:10:14 FeedbackBot[__init__] - INFO: [*] Connecting to database...
20/08/21 19:10:14 FeedbackBot[__init__] - INFO: [*] Connecting to database...DONE
20/08/21 19:10:17 FeedbackBot[on_ready] - INFO: I am ready to act
20/08/21 19:10:58 FeedbackBot[__init__] - INFO: [*] Connecting to database...
20/08/21 19:10:58 FeedbackBot[__init__] - INFO: [*] Connecting to database...DONE
20/08/21 19:11:01 FeedbackBot[on_ready] - INFO: I am ready to act
20/08/21 19:16:47 FeedbackBot[__init__] - INFO: [*] Connecting to database...
20/08/21 19:16:47 FeedbackBot[__init__] - INFO: [*] Connecting to database...DONE
20/08/21 19:16:50 FeedbackBot[on_ready] - INFO: I am ready to act
20/08/21 19:17:02 FeedbackBot[__init__] - INFO: [*] Connecting to database...
20/08/21 19:17:02 FeedbackBot[__init__] - INFO: [*] Connecting to database...DONE
20/08/21 19:17:05 FeedbackBot[on_ready] - INFO: I am ready to act
20/08/21 19:17:17 FeedbackBot[__init__] - INFO: [*] Connecting to database...
20/08/21 19:17:17 FeedbackBot[__init__] - INFO: [*] Connecting to database...DONE
20/08/21 19:17:20 FeedbackBot[__init__] - INFO: [*] Connecting to database...
20/08/21 19:17:20 FeedbackBot[__init__] - INFO: [*] Connecting to database...DONE
20/08/21 19:17:30 FeedbackBot[on_ready] - INFO: I am ready to act
21/08/21 11:31:01 FeedbackBot[__init__] - INFO: [*] Connecting to database...
21/08/21 11:31:01 FeedbackBot[__init__] - INFO: [*] Connecting to database...DONE
21/08/21 11:31:04 FeedbackBot[on_ready] - INFO: I am ready to act
21/08/21 11:35:08 FeedbackBot[__init__] - INFO: [*] Connecting to database...
21/08/21 11:35:08 FeedbackBot[__init__] - INFO: [*] Connecting to database...DONE
21/08/21 11:35:11 FeedbackBot[on_ready] - INFO: I am ready to act
21/08/21 11:35:53 FeedbackBot[__init__] - INFO: [*] Connecting to database...
21/08/21 11:35:53 FeedbackBot[__init__] - INFO: [*] Connecting to database...DONE
21/08/21 11:35:56 FeedbackBot[on_ready] - INFO: I am ready to act
21/08/21 11:36:08 FeedbackBot[on_ready] - INFO: I am ready to act
21/08/21 11:37:19 FeedbackBot[on_ready] - INFO: I am ready to act
21/08/21 11:38:16 FeedbackBot[on_ready] - INFO: I am ready to act
21/08/21 11:38:30 core.db[with_connection_] - ERROR: Query to <connection object at 0x7f4ff5e68900; dsn: 'user=admin password=xxx dbname=DreadLordsBotFactory host=127.0.0.1', closed: 0> failed query() missing 1 required positional argument: 'query'
21/08/21 11:39:13 FeedbackBot[on_ready] - INFO: I am ready to act
21/08/21 11:39:33 core.db[with_connection_] - ERROR: Query to <connection object at 0x7f1a212247c0; dsn: 'user=admin password=xxx dbname=DreadLordsBotFactory host=127.0.0.1', closed: 0> failed no results to fetch
21/08/21 11:40:43 FeedbackBot[on_ready] - INFO: I am ready to act
21/08/21 11:41:13 core.db[with_connection_] - ERROR: Query to <connection object at 0x7f334bf96900; dsn: 'user=admin password=xxx dbname=DreadLordsBotFactory host=127.0.0.1', closed: 0> failed relation "vendors" already exists

21/08/21 11:43:42 FeedbackBot[on_ready] - INFO: I am ready to act
21/08/21 11:44:05 core.db[with_connection_] - ERROR: Query to <connection object at 0x7f4e3a97f900; dsn: 'user=admin password=xxx dbname=DreadLordsBotFactory host=127.0.0.1', closed: 0> failed relation "vendors" already exists

21/08/21 11:44:31 FeedbackBot[on_ready] - INFO: I am ready to act
21/08/21 11:45:14 FeedbackBot[on_ready] - INFO: I am ready to act
21/08/21 11:46:07 FeedbackBot[on_ready] - INFO: I am ready to act
21/08/21 11:46:09 core.db[with_connection_] - ERROR: Query to <connection object at 0x7f368fd92680; dsn: 'user=admin password=xxx dbname=DreadLordsBotFactory host=127.0.0.1', closed: 0> failed relation "vendors" already exists

21/08/21 11:46:45 FeedbackBot[on_ready] - INFO: I am ready to act
21/08/21 11:46:59 FeedbackBot[on_guild_join] - INFO: [DreadLord's Bot Factory] Setup done...
21/08/21 11:47:49 FeedbackBot[on_ready] - INFO: I am ready to act
21/08/21 11:51:12 FeedbackBot[on_ready] - INFO: I am ready to act
21/08/21 11:51:29 FeedbackBot[on_guild_join] - INFO: [DreadLord's Bot Factory] Setup done...
21/08/21 11:52:03 FeedbackBot[on_ready] - INFO: I am ready to act
21/08/21 11:52:18 FeedbackBot[on_guild_join] - INFO: [DreadLord's Bot Factory] Setup done...
21/08/21 12:22:33 FeedbackBot[on_ready] - INFO: I am ready to act
21/08/21 12:23:25 FeedbackBot[on_ready] - INFO: I am ready to act
21/08/21 12:24:56 FeedbackBot[on_ready] - INFO: I am ready to act
